============================= test session starts ==============================
platform darwin -- Python 3.11.15, pytest-9.0.3, pluggy-1.6.0 -- /Users/zhu/atmosphere/.venv/bin/python3
cachedir: .pytest_cache
rootdir: /Users/zhu/atmosphere
configfile: pyproject.toml
testpaths: tests
plugins: cov-7.1.0
collecting ... collected 84 items

tests/test_buildings.py::TestParseOsmHeight::test_valid_heights[12-12.0_0] PASSED [  1%]
tests/test_buildings.py::TestParseOsmHeight::test_valid_heights[12.5-12.5_0] PASSED [  2%]
tests/test_buildings.py::TestParseOsmHeight::test_valid_heights[12 m-12.0] PASSED [  3%]
tests/test_buildings.py::TestParseOsmHeight::test_valid_heights[12m-12.0] PASSED [  4%]
tests/test_buildings.py::TestParseOsmHeight::test_valid_heights[12 meters-12.0] PASSED [  5%]
tests/test_buildings.py::TestParseOsmHeight::test_valid_heights[ 12 -12.0] PASSED [  7%]
tests/test_buildings.py::TestParseOsmHeight::test_valid_heights[12-12.0_1] PASSED [  8%]
tests/test_buildings.py::TestParseOsmHeight::test_valid_heights[12.5-12.5_1] PASSED [  9%]
tests/test_buildings.py::TestParseOsmHeight::test_invalid_heights_return_none[None] PASSED [ 10%]
tests/test_buildings.py::TestParseOsmHeight::test_invalid_heights_return_none[] PASSED [ 11%]
tests/test_buildings.py::TestParseOsmHeight::test_invalid_heights_return_none[nan0] PASSED [ 13%]
tests/test_buildings.py::TestParseOsmHeight::test_invalid_heights_return_none[tall] PASSED [ 14%]
tests/test_buildings.py::TestParseOsmHeight::test_invalid_heights_return_none[~12] PASSED [ 15%]
tests/test_buildings.py::TestParseOsmHeight::test_invalid_heights_return_none[nan1] PASSED [ 16%]
tests/test_buildings.py::TestParseOsmHeight::test_feet_converted_to_meters PASSED [ 17%]
tests/test_buildings.py::TestParseOsmHeight::test_unreasonable_heights_rejected PASSED [ 19%]
tests/test_buildings.py::TestParseOsmLevels::test_valid_levels[4-4_0] PASSED [ 20%]
tests/test_buildings.py::TestParseOsmLevels::test_valid_levels[4.5-4] PASSED [ 21%]
tests/test_buildings.py::TestParseOsmLevels::test_valid_levels[4-4_1] PASSED [ 22%]
tests/test_buildings.py::TestParseOsmLevels::test_valid_levels[1-1] PASSED [ 23%]
tests/test_buildings.py::TestParseOsmLevels::test_invalid_levels_return_none[None] PASSED [ 25%]
tests/test_buildings.py::TestParseOsmLevels::test_invalid_levels_return_none[] PASSED [ 26%]
tests/test_buildings.py::TestParseOsmLevels::test_invalid_levels_return_none[nan0] PASSED [ 27%]
tests/test_buildings.py::TestParseOsmLevels::test_invalid_levels_return_none[tall] PASSED [ 28%]
tests/test_buildings.py::TestParseOsmLevels::test_invalid_levels_return_none[nan1] PASSED [ 29%]
tests/test_buildings.py::TestExtractHeight::test_height_tag_preferred_over_levels PASSED [ 30%]
tests/test_buildings.py::TestExtractHeight::test_levels_fallback_when_no_height PASSED [ 32%]
tests/test_buildings.py::TestExtractHeight::test_none_when_both_missing PASSED [ 33%]
tests/test_buildings.py::TestFetchBuildings::test_basic_fetch_and_convert PASSED [ 34%]
tests/test_buildings.py::TestFetchBuildings::test_height_provenance_tracked PASSED [ 35%]
tests/test_buildings.py::TestFetchBuildings::test_cache_is_created PASSED [ 36%]
tests/test_buildings.py::TestFetchBuildings::test_empty_osm_result_returns_empty_list PASSED [ 38%]
tests/test_buildings.py::TestBuildingProperties::test_has_height PASSED  [ 39%]
tests/test_buildings.py::TestBuildingProperties::test_footprint_area PASSED [ 40%]
tests/test_buildings.py::TestBuildingProperties::test_centroid PASSED    [ 41%]
tests/test_buildings.py::TestBuildingProperties::test_centroid_l_shape PASSED [ 42%]
tests/test_geo.py::TestLocalFrame::test_origin_maps_to_zero PASSED       [ 44%]
tests/test_geo.py::TestLocalFrame::test_east_direction_is_positive_x PASSED [ 45%]
tests/test_geo.py::TestLocalFrame::test_north_direction_is_positive_y PASSED [ 46%]
tests/test_geo.py::TestLocalFrame::test_up_direction_is_positive_z PASSED [ 47%]
tests/test_geo.py::TestLocalFrame::test_round_trip_identity PASSED       [ 48%]
tests/test_geo.py::TestLocalFrame::test_array_input PASSED               [ 50%]
tests/test_geo.py::TestLocalFrame::test_small_distance_approximately_euclidean PASSED [ 51%]
tests/test_geo.py::TestHaversine::test_zero_distance PASSED              [ 52%]
tests/test_geo.py::TestHaversine::test_known_distance PASSED             [ 53%]
tests/test_mapillary.py::TestSquareBboxWithBuffer::test_order_is_west_south_east_north PASSED [ 54%]
tests/test_mapillary.py::TestSquareBboxWithBuffer::test_symmetric_around_center PASSED [ 55%]
tests/test_mapillary.py::TestSquareBboxWithBuffer::test_half_side_includes_buffer PASSED [ 57%]
tests/test_mapillary.py::TestSquareBboxWithBuffer::test_size_scales_linearly_with_half_side PASSED [ 58%]
tests/test_mapillary.py::TestDensityTarget::test_formula PASSED          [ 59%]
tests/test_mapillary.py::TestDensityTarget::test_min_one PASSED          [ 60%]
tests/test_mapillary.py::TestDensityTarget::test_grows_with_radius PASSED [ 61%]
tests/test_mapillary.py::TestFarthestPointSample::test_below_target_returns_all PASSED [ 63%]
tests/test_mapillary.py::TestFarthestPointSample::test_exact_target_returns_all PASSED [ 64%]
tests/test_mapillary.py::TestFarthestPointSample::test_seeds_from_center PASSED [ 65%]
tests/test_mapillary.py::TestFarthestPointSample::test_downsampling_covers_extremes PASSED [ 66%]
tests/test_mapillary.py::TestFarthestPointSample::test_fully_deterministic PASSED [ 67%]
tests/test_mapillary.py::TestFarthestPointSample::test_missing_compass_does_not_crash PASSED [ 69%]
tests/test_mapillary.py::TestFetchMapillaryImages::test_basic_fetch_and_parse PASSED [ 70%]
tests/test_mapillary.py::TestFetchMapillaryImages::test_is_pano_propagated_from_features PASSED [ 71%]
tests/test_mapillary.py::TestFetchMapillaryImages::test_missing_compass_preserved PASSED [ 72%]
tests/test_mapillary.py::TestFetchMapillaryImages::test_empty_tiles_return_empty_list PASSED [ 73%]
tests/test_mapillary.py::TestFetchMapillaryImages::test_features_outside_bbox_are_filtered PASSED [ 75%]
tests/test_mapillary.py::TestFetchMapillaryImages::test_duplicate_ids_deduped PASSED [ 76%]
tests/test_mapillary.py::TestFetchMapillaryImages::test_target_count_none_uses_density PASSED [ 77%]
tests/test_stages.py::TestRegistry::test_all_registered_stages_in_order PASSED [ 78%]
tests/test_stages.py::TestRegistry::test_every_stage_has_name_and_description PASSED [ 79%]
tests/test_stages.py::TestRegistry::test_osm_is_first PASSED             [ 80%]
tests/test_stages.py::TestRegistry::test_street_between_osm_and_mapillary PASSED [ 82%]
tests/test_stages.py::TestGetStagesUpTo::test_single_stage PASSED        [ 83%]
tests/test_stages.py::TestGetStagesUpTo::test_includes_all_earlier PASSED [ 84%]
tests/test_stages.py::TestGetStagesUpTo::test_unknown_stage_raises PASSED [ 85%]
tests/test_stages.py::TestListStages::test_returns_pairs PASSED          [ 86%]
tests/test_stages.py::TestListStages::test_order_matches_registry PASSED [ 88%]
tests/test_stages.py::TestStageData::test_empty_default PASSED           [ 89%]
tests/test_stages.py::TestStageData::test_mutable_fields_independent_between_instances PASSED [ 90%]
tests/test_stages.py::TestOSMStageIntegration::test_populates_buildings PASSED [ 91%]
tests/test_stages.py::TestOSMStageIntegration::test_passes_options_to_fetch PASSED [ 92%]
tests/test_stages.py::TestMapillaryStageIntegration::test_populates_images PASSED [ 94%]
tests/test_stages.py::TestMapillaryStageIntegration::test_preserves_earlier_stage_data PASSED [ 95%]
tests/test_stages.py::TestStreetStageIntegration::test_populates_streets PASSED [ 96%]
tests/test_stages.py::TestStreetStageIntegration::test_passes_network_type_option PASSED [ 97%]
tests/test_stages.py::TestStreetStageIntegration::test_default_network_type_is_drive PASSED [ 98%]
tests/test_stages.py::TestStreetStageIntegration::test_preserves_earlier_stage_data PASSED [100%]

============================== 84 passed in 0.39s ==============================
